[24-May-2025 14:52:06 Europe/Berlin] Database connected successfully for login
[24-May-2025 14:52:06 Europe/Berlin] Invalid email or code for: sas2324@gmail.com
[24-May-2025 14:52:07 Europe/Berlin] Database connected successfully for login
[24-May-2025 14:52:07 Europe/Berlin] Invalid email or code for: sas2324@gmail.com
[24-May-2025 14:52:38 Europe/Berlin] Database connected successfully for login
[24-May-2025 14:52:38 Europe/Berlin] Invalid email or code for: sai.reshi07@gmail.com
[24-May-2025 14:53:07 Europe/Berlin] Database connected successfully for login
[24-May-2025 14:53:07 Europe/Berlin] Login successful for: sai.reshi07@gmail.com
[24-May-2025 15:03:39 Europe/Berlin] Database connected successfully
[24-May-2025 15:03:39 Europe/Berlin] Contact submission saved: sai.reshi07@gmail.com
[24-May-2025 15:03:55 Europe/Berlin] Database connected successfully
[24-May-2025 15:03:55 Europe/Berlin] User registered: sai.reshi07@gmail.com
[24-May-2025 15:04:24 Europe/Berlin] Database connected successfully for login
[24-May-2025 15:04:24 Europe/Berlin] Login successful for: sai.reshi07@gmail.com
[24-May-2025 15:41:39 Europe/Berlin] Database connected successfully for login
[24-May-2025 15:41:39 Europe/Berlin] Login successful for: sai.reshi07@gmail.com
[24-May-2025 18:11:10 Europe/Berlin] Database connected successfully for login
[24-May-2025 18:11:10 Europe/Berlin] Login successful for: sai.reshi07@gmail.com
[24-May-2025 18:18:18 Europe/Berlin] Database connected successfully for login
[24-May-2025 18:18:18 Europe/Berlin] Invalid email or code for: sai.reshi07@gmail.com
[24-May-2025 18:18:23 Europe/Berlin] Database connected successfully for login
[24-May-2025 18:18:23 Europe/Berlin] Login successful for: sas2324@gmail.com
[24-May-2025 18:27:58 Europe/Berlin] Database connected successfully for login
[24-May-2025 18:27:58 Europe/Berlin] Login successful for: sas2324@gmail.com
[24-May-2025 18:31:05 Europe/Berlin] Database connected successfully for login
[24-May-2025 18:31:05 Europe/Berlin] Invalid email or code for: sas2324@gmail.com
[24-May-2025 18:31:08 Europe/Berlin] Database connected successfully for login
[24-May-2025 18:31:08 Europe/Berlin] Login successful for: sai.reshi07@gmail.com
[24-May-2025 18:37:11 Europe/Berlin] Database connected successfully for login
[24-May-2025 18:37:11 Europe/Berlin] Login successful for: sai.reshi07@gmail.com
